<?xml version="1.0" encoding="utf-8"?><testsuites name="pytest tests"><testsuite name="pytest" errors="0" failures="1" skipped="0" tests="19" time="69.962" timestamp="2026-05-11T13:49:39.475955+00:00" hostname="agent-env-0f74250c-dfab-45ea-bb38-8902bd9a0bcc"><testcase classname="backend.tests.test_pulse_api.TestAuth" name="test_login_success" time="0.401" /><testcase classname="backend.tests.test_pulse_api.TestAuth" name="test_login_wrong_pw" time="0.414" /><testcase classname="backend.tests.test_pulse_api.TestAuth" name="test_me" time="0.419" /><testcase classname="backend.tests.test_pulse_api.TestAuth" name="test_logout" time="0.428" /><testcase classname="backend.tests.test_pulse_api.TestAdminClients" name="test_list_clients" time="0.074" /><testcase classname="backend.tests.test_pulse_api.TestAdminClients" name="test_client_cannot_access_admin" time="0.749" /><testcase classname="backend.tests.test_pulse_api.TestAdminClients" name="test_toggle_client" time="0.142" /><testcase classname="backend.tests.test_pulse_api.TestChannelsAndSync" name="test_channel_crud_and_mock_youtube_sync" time="0.280" /><testcase classname="backend.tests.test_pulse_api.TestChannelsAndSync" name="test_rss_sync_real" time="0.520" /><testcase classname="backend.tests.test_pulse_api.TestChannelsAndSync" name="test_manual_post" time="0.279" /><testcase classname="backend.tests.test_pulse_api.TestCompetitors" name="test_max5_per_platform" time="0.743" /><testcase classname="backend.tests.test_pulse_api.TestCompetitors" name="test_competitor_cluster_llm" time="5.155" /><testcase classname="backend.tests.test_pulse_api.TestGeo" name="test_geo_query_and_scan" time="34.284" /><testcase classname="backend.tests.test_pulse_api.TestSeo" name="test_keyword_manual_rank" time="0.280" /><testcase classname="backend.tests.test_pulse_api.TestRecommendations" name="test_keywords_llm" time="18.543"><failure message="AssertionError: assert 0 &gt; 20&#10; +  where 0 = len('')&#10; +    where '' = &lt;built-in method get of dict object at 0xfe4131a75cc0&gt;('payload', '')&#10; +      where &lt;built-in method get of dict object at 0xfe4131a75cc0&gt; = {'client_id': '9167393b-e537-4c8c-ad4a-f1481cbc7147', 'created_at': '2026-05-11T13:50:42.218495+00:00', 'id': 'de9db6e8-ffd3-41b5-b127-014095d57c75', 'kind': 'keywords', ...}.get">backend/tests/test_pulse_api.py:249: in test_keywords_llm
    assert len(body.get("payload", "")) &gt; 20
E   AssertionError: assert 0 &gt; 20
E    +  where 0 = len('')
E    +    where '' = &lt;built-in method get of dict object at 0xfe4131a75cc0&gt;('payload', '')
E    +      where &lt;built-in method get of dict object at 0xfe4131a75cc0&gt; = {'client_id': '9167393b-e537-4c8c-ad4a-f1481cbc7147', 'created_at': '2026-05-11T13:50:42.218495+00:00', 'id': 'de9db6e8-ffd3-41b5-b127-014095d57c75', 'kind': 'keywords', ...}.get</failure></testcase><testcase classname="backend.tests.test_pulse_api.TestRecommendations" name="test_plan_llm" time="6.826" /><testcase classname="backend.tests.test_pulse_api.TestDashboard" name="test_dashboard_shape" time="0.071" /><testcase classname="backend.tests.test_pulse_api.TestScoping" name="test_client_missing_scope_query_blocked" time="0.096" /><testcase classname="backend.tests.test_pulse_api.TestScoping" name="test_admin_requires_client_id" time="0.140" /></testsuite></testsuites>